12:00:30 [Skill] INFO  Skill:139 - Connecting to Furhat server on 0.0.0.0:1932
12:00:30 [Skill] WARN  BrokerClient: 82 - Connection refused (Connection refused) (is the server running and reachable?)
12:00:30 [Skill] WARN  BrokerClient: 82 - Connection refused (Connection refused) (is the server running and reachable?)
12:00:30 [Skill] WARN  BrokerClient: 82 - Connection refused (Connection refused) (is the server running and reachable?)
12:00:30 [Skill] WARN  BrokerClient: 82 - Connection refused (Connection refused) (is the server running and reachable?)
12:00:30 [Skill] WARN  BrokerClient: 82 - Connection refused (Connection refused) (is the server running and reachable?)
12:00:30 [Skill] WARN  BrokerClient: 82 - Connection refused (Connection refused) (is the server running and reachable?)
12:00:30 [Skill] WARN  BrokerClient: 82 - Connection refused (Connection refused) (is the server running and reachable?)
12:00:30 [Skill] WARN  BrokerClient: 82 - Connection refused (Connection refused) (is the server running and reachable?)
12:00:30 [Skill] WARN  BrokerClient: 82 - Connection refused (Connection refused) (is the server running and reachable?)
12:00:30 [Skill] WARN  BrokerClient: 82 - Connection refused (Connection refused) (is the server running and reachable?)
12:00:31 [Skill] WARN  BrokerClient: 82 - Connection refused (Connection refused) (is the server running and reachable?)
12:00:31 [Skill] WARN  BrokerClient: 82 - Connection refused (Connection refused) (is the server running and reachable?)
12:00:31 [Skill] WARN  BrokerClient: 82 - Connection refused (Connection refused) (is the server running and reachable?)
12:00:31 [Skill] WARN  BrokerClient: 82 - Connection refused (Connection refused) (is the server running and reachable?)
12:00:31 [Skill] WARN  BrokerClient: 82 - Connection refused (Connection refused) (is the server running and reachable?)
12:00:31 [Skill] WARN  BrokerClient: 82 - Connection refused (Connection refused) (is the server running and reachable?)
12:00:31 [Skill] WARN  BrokerClient: 82 - Connection refused (Connection refused) (is the server running and reachable?)
12:00:31 [Skill] WARN  BrokerClient: 82 - Connection refused (Connection refused) (is the server running and reachable?)
12:00:31 [Skill] WARN  BrokerClient: 82 - Connection refused (Connection refused) (is the server running and reachable?)
12:00:32 [Skill] WARN  BrokerClient: 82 - Connection refused (Connection refused) (is the server running and reachable?)
12:00:32 [Skill] WARN  BrokerClient: 82 - Connection refused (Connection refused) (is the server running and reachable?)
12:00:32 [Skill] WARN  BrokerClient: 82 - Connection refused (Connection refused) (is the server running and reachable?)
12:00:32 [Skill] WARN  BrokerClient: 82 - Connection refused (Connection refused) (is the server running and reachable?)
12:00:32 [Skill] WARN  BrokerClient: 82 - Connection refused (Connection refused) (is the server running and reachable?)
12:00:32 [Skill] WARN  BrokerClient: 82 - Connection refused (Connection refused) (is the server running and reachable?)
12:00:32 [Skill] WARN  BrokerClient: 82 - Connection refused (Connection refused) (is the server running and reachable?)
12:00:32 [Skill] WARN  BrokerClient: 82 - Connection refused (Connection refused) (is the server running and reachable?)
12:00:32 [Skill] WARN  BrokerClient: 82 - Connection refused (Connection refused) (is the server running and reachable?)
12:00:32 [Skill] WARN  BrokerClient: 82 - Connection refused (Connection refused) (is the server running and reachable?)
12:00:33 [Skill] WARN  BrokerClient: 82 - Connection refused (Connection refused) (is the server running and reachable?)
12:00:33 [Skill] WARN  BrokerClient: 82 - Connection refused (Connection refused) (is the server running and reachable?)
12:00:33 [Skill] WARN  BrokerClient: 82 - Connection refused (Connection refused) (is the server running and reachable?)
12:00:33 [Skill] WARN  BrokerClient: 82 - Connection refused (Connection refused) (is the server running and reachable?)
12:00:33 [Skill] WARN  BrokerClient: 82 - Connection refused (Connection refused) (is the server running and reachable?)
12:00:33 [Skill] WARN  BrokerClient: 82 - Connection refused (Connection refused) (is the server running and reachable?)
12:00:33 [Skill] WARN  BrokerClient: 82 - Connection refused (Connection refused) (is the server running and reachable?)
12:00:33 [Skill] WARN  BrokerClient: 82 - Connection refused (Connection refused) (is the server running and reachable?)
12:00:33 [Skill] WARN  BrokerClient: 82 - Connection refused (Connection refused) (is the server running and reachable?)
12:00:33 [Skill] WARN  BrokerClient: 82 - Connection refused (Connection refused) (is the server running and reachable?)
12:00:34 [Skill] WARN  BrokerClient: 82 - Connection refused (Connection refused) (is the server running and reachable?)
12:00:34 [Skill] WARN  BrokerClient: 82 - Connection refused (Connection refused) (is the server running and reachable?)
12:00:34 [Skill] WARN  BrokerClient: 82 - Connection refused (Connection refused) (is the server running and reachable?)
12:00:34 [Skill] WARN  BrokerClient: 82 - Connection refused (Connection refused) (is the server running and reachable?)
12:00:34 [Skill] WARN  BrokerClient: 82 - Connection refused (Connection refused) (is the server running and reachable?)
12:00:34 [Skill] WARN  BrokerClient: 82 - Connection refused (Connection refused) (is the server running and reachable?)
12:00:34 [Skill] WARN  BrokerClient: 82 - Connection refused (Connection refused) (is the server running and reachable?)
12:00:34 [Skill] WARN  BrokerClient: 82 - Connection refused (Connection refused) (is the server running and reachable?)
12:00:34 [Skill] WARN  BrokerClient: 82 - Connection refused (Connection refused) (is the server running and reachable?)
12:00:35 [Skill] WARN  BrokerClient: 82 - Connection refused (Connection refused) (is the server running and reachable?)
12:00:35 [Skill] WARN  BrokerClient: 82 - Connection refused (Connection refused) (is the server running and reachable?)
12:00:35 [Skill] WARN  BrokerClient: 82 - Connection refused (Connection refused) (is the server running and reachable?)
12:00:35 [Skill] WARN  BrokerClient: 82 - Connection refused (Connection refused) (is the server running and reachable?)
12:00:35 [Skill] WARN  BrokerClient: 82 - Connection refused (Connection refused) (is the server running and reachable?)
12:00:35 [Skill] WARN  BrokerClient: 82 - Connection refused (Connection refused) (is the server running and reachable?)
12:00:35 [Skill] WARN  BrokerClient: 82 - Connection refused (Connection refused) (is the server running and reachable?)
12:00:35 [Skill] WARN  BrokerClient: 82 - Connection refused (Connection refused) (is the server running and reachable?)
12:00:35 [Skill] WARN  BrokerClient: 82 - Connection refused (Connection refused) (is the server running and reachable?)
12:00:35 [Skill] WARN  BrokerClient: 82 - Connection refused (Connection refused) (is the server running and reachable?)
12:00:36 [Skill] WARN  BrokerClient: 82 - Connection refused (Connection refused) (is the server running and reachable?)
12:00:36 [Skill] WARN  BrokerClient: 82 - Connection refused (Connection refused) (is the server running and reachable?)
12:00:36 [Skill] WARN  BrokerClient: 82 - Connection refused (Connection refused) (is the server running and reachable?)
12:00:36 [Skill] WARN  BrokerClient: 82 - Connection refused (Connection refused) (is the server running and reachable?)
12:00:36 [Skill] WARN  BrokerClient: 82 - Connection refused (Connection refused) (is the server running and reachable?)
12:00:36 [Skill] WARN  BrokerClient: 82 - Connection refused (Connection refused) (is the server running and reachable?)
12:00:36 [Skill] WARN  BrokerClient: 82 - Connection refused (Connection refused) (is the server running and reachable?)
12:00:36 [Skill] WARN  BrokerClient: 82 - Connection refused (Connection refused) (is the server running and reachable?)
12:00:36 [Skill] WARN  BrokerClient: 82 - Connection refused (Connection refused) (is the server running and reachable?)
12:00:37 [Skill] WARN  BrokerClient: 82 - Connection refused (Connection refused) (is the server running and reachable?)
12:00:37 [Skill] WARN  BrokerClient: 82 - Connection refused (Connection refused) (is the server running and reachable?)
12:00:37 [Skill] WARN  BrokerClient: 82 - Connection refused (Connection refused) (is the server running and reachable?)
12:00:37 [Skill] WARN  BrokerClient: 82 - Connection refused (Connection refused) (is the server running and reachable?)
12:00:37 [Skill] WARN  BrokerClient: 82 - Connection refused (Connection refused) (is the server running and reachable?)
12:00:37 [Skill] WARN  BrokerClient: 82 - Connection refused (Connection refused) (is the server running and reachable?)
12:00:37 [Skill] WARN  BrokerClient: 82 - Connection refused (Connection refused) (is the server running and reachable?)
12:00:37 [Skill] WARN  BrokerClient: 82 - Connection refused (Connection refused) (is the server running and reachable?)
12:00:37 [Skill] WARN  BrokerClient: 82 - Connection refused (Connection refused) (is the server running and reachable?)
12:00:37 [Skill] WARN  BrokerClient: 82 - Connection refused (Connection refused) (is the server running and reachable?)
12:00:38 [Skill] WARN  BrokerClient: 82 - Connection refused (Connection refused) (is the server running and reachable?)
12:00:38 [Skill] WARN  BrokerClient: 82 - Connection refused (Connection refused) (is the server running and reachable?)
12:00:38 [Skill] WARN  BrokerClient: 82 - Connection refused (Connection refused) (is the server running and reachable?)
12:00:38 [Skill] WARN  BrokerClient: 82 - Connection refused (Connection refused) (is the server running and reachable?)
12:00:38 [Skill] WARN  BrokerClient: 82 - Connection refused (Connection refused) (is the server running and reachable?)
12:00:38 [Skill] WARN  BrokerClient: 82 - Connection refused (Connection refused) (is the server running and reachable?)
12:00:38 [Skill] WARN  BrokerClient: 82 - Connection refused (Connection refused) (is the server running and reachable?)
12:00:38 [Skill] WARN  BrokerClient: 82 - Connection refused (Connection refused) (is the server running and reachable?)
12:00:38 [Skill] WARN  BrokerClient: 82 - Connection refused (Connection refused) (is the server running and reachable?)
12:00:39 [Skill] WARN  BrokerClient: 82 - Connection refused (Connection refused) (is the server running and reachable?)
12:00:39 [Skill] WARN  BrokerClient: 82 - Connection refused (Connection refused) (is the server running and reachable?)
12:00:39 [Skill] WARN  BrokerClient: 82 - Connection refused (Connection refused) (is the server running and reachable?)
12:00:39 [Skill] WARN  BrokerClient: 82 - Connection refused (Connection refused) (is the server running and reachable?)
12:00:39 [Skill] WARN  BrokerClient: 82 - Connection refused (Connection refused) (is the server running and reachable?)
12:00:39 [Skill] WARN  BrokerClient: 82 - Connection refused (Connection refused) (is the server running and reachable?)
12:00:39 [Skill] WARN  BrokerClient: 82 - Connection refused (Connection refused) (is the server running and reachable?)
12:00:39 [Skill] WARN  BrokerClient: 82 - Connection refused (Connection refused) (is the server running and reachable?)
12:00:39 [Skill] WARN  BrokerClient: 82 - Connection refused (Connection refused) (is the server running and reachable?)
12:00:39 [Skill] WARN  BrokerClient: 82 - Connection refused (Connection refused) (is the server running and reachable?)
12:00:40 [Skill] WARN  BrokerClient: 82 - Connection refused (Connection refused) (is the server running and reachable?)
12:00:40 [Skill] WARN  BrokerClient: 82 - Connection refused (Connection refused) (is the server running and reachable?)
12:00:40 [Skill] WARN  BrokerClient: 82 - Connection refused (Connection refused) (is the server running and reachable?)
12:00:40 [Skill] WARN  BrokerClient: 82 - Connection refused (Connection refused) (is the server running and reachable?)
12:00:40 [Skill] WARN  BrokerClient: 82 - Connection refused (Connection refused) (is the server running and reachable?)
12:00:40 [Skill] WARN  BrokerClient: 82 - Connection refused (Connection refused) (is the server running and reachable?)
12:00:40 [Skill] WARN  BrokerClient: 82 - Connection refused (Connection refused) (is the server running and reachable?)
12:00:40 [Skill] WARN  BrokerClient: 82 - Connection refused (Connection refused) (is the server running and reachable?)
12:00:40 [Skill] WARN  BrokerClient: 82 - Connection refused (Connection refused) (is the server running and reachable?)
12:00:41 [Skill] WARN  BrokerClient: 82 - Connection refused (Connection refused) (is the server running and reachable?)
12:00:41 [Skill] WARN  BrokerClient: 82 - Connection refused (Connection refused) (is the server running and reachable?)
12:00:41 [Skill] WARN  BrokerClient: 82 - Connection refused (Connection refused) (is the server running and reachable?)
12:00:41 [Skill] WARN  BrokerClient: 82 - Connection refused (Connection refused) (is the server running and reachable?)
12:00:41 [Skill] WARN  BrokerClient: 82 - Connection refused (Connection refused) (is the server running and reachable?)
12:00:41 [Skill] WARN  BrokerClient: 82 - Connection refused (Connection refused) (is the server running and reachable?)
12:00:41 [Skill] WARN  BrokerClient: 82 - Connection refused (Connection refused) (is the server running and reachable?)
12:00:41 [Skill] WARN  BrokerClient: 82 - Connection refused (Connection refused) (is the server running and reachable?)
12:00:41 [Skill] WARN  BrokerClient: 82 - Connection refused (Connection refused) (is the server running and reachable?)
12:00:41 [Skill] WARN  BrokerClient: 82 - Connection refused (Connection refused) (is the server running and reachable?)
12:00:42 [Skill] WARN  BrokerClient: 82 - Connection refused (Connection refused) (is the server running and reachable?)
12:00:42 [Skill] WARN  BrokerClient: 82 - Connection refused (Connection refused) (is the server running and reachable?)
12:00:42 [Skill] WARN  BrokerClient: 82 - Connection refused (Connection refused) (is the server running and reachable?)
12:00:42 [Skill] WARN  BrokerClient: 82 - Connection refused (Connection refused) (is the server running and reachable?)
12:00:42 [Skill] WARN  BrokerClient: 82 - Connection refused (Connection refused) (is the server running and reachable?)
12:00:42 [Skill] WARN  BrokerClient: 82 - Connection refused (Connection refused) (is the server running and reachable?)
12:00:42 [Skill] WARN  BrokerClient: 82 - Connection refused (Connection refused) (is the server running and reachable?)
12:00:42 [Skill] WARN  BrokerClient: 82 - Connection refused (Connection refused) (is the server running and reachable?)
12:00:42 [Skill] WARN  BrokerClient: 82 - Connection refused (Connection refused) (is the server running and reachable?)
12:00:42 [Skill] WARN  BrokerClient: 82 - Connection refused (Connection refused) (is the server running and reachable?)
12:00:43 [Skill] WARN  BrokerClient: 82 - Connection refused (Connection refused) (is the server running and reachable?)
12:00:43 [Skill] WARN  BrokerClient: 82 - Connection refused (Connection refused) (is the server running and reachable?)
12:00:44 [Skill] ERROR EventSystem:186 - Timed out while waiting for class furhatos.event.responses.ResponseWebServerPort
java.util.concurrent.TimeoutException
	at java.util.concurrent.CompletableFuture.timedGet(CompletableFuture.java:1784)
	at java.util.concurrent.CompletableFuture.get(CompletableFuture.java:1928)
	at furhatos.event.EventSystem.sendAndWait(EventSystem.java:183)
	at furhatos.event.EventSystem.sendAndWait(EventSystem.java:173)
	at furhatos.skills.Skill.requestFurhatWebPort(Skill.java:242)
	at furhatos.skills.Skill.startSkill(Skill.java:219)
	at furhatos.skills.Skill.main(Skill.java:94)
	at furhatos.app.fruitseller.MainKt.main(main.kt:14)
12:00:44 [Skill] ERROR Skill:224 - java.util.concurrent.TimeoutException
12:00:44 [Skill] WARN  Skill:225 - Unable to get real furhatWebPort, using default of 80
12:00:44 [FruitsellerSkill] INFO  FruitsellerSkill:166 - Starting skill
12:00:45 [FruitsellerSkill] ERROR InitRunner: 28 - java.lang.NullPointerException
12:00:45 [ErrorLoggingThread] ERROR FruitsellerSkill:459 - java.lang.NullPointerException
	at furhatos.skills.FurhatSpeech.getVoices(FurhatSpeech.java:294)
	at furhatos.skills.FurhatEventWrapper.getVoices(FurhatEventWrapper.java:31)
	at furhatos.skills.FurhatSpeech.getVoice(FurhatSpeech.java:303)
	at furhatos.skills.FurhatEventWrapper.getVoice(FurhatEventWrapper.java:31)
	at furhatos.skills.FurhatSpeech.setVoiceAndInputLanguage(FurhatSpeech.java:283)
	at furhatos.skills.FurhatEventWrapper.setVoiceAndInputLanguage(FurhatEventWrapper.java:31)
	at furhatos.flow.kotlin.Furhat.setVoice(Furhat.kt:690)
	at furhatos.flow.kotlin.Furhat.internalSetVoice(Furhat.kt:711)
	at furhatos.flow.kotlin.Furhat.setVoice(Furhat.kt:726)
	at furhatos.flow.kotlin.Furhat.setVoice$default(Furhat.kt:724)
	at furhatos.app.fruitseller.flow.GeneralKt$Idle$1$1.invoke(general.kt:9)
	at furhatos.app.fruitseller.flow.GeneralKt$Idle$1$1.invoke(general.kt)
	at furhatos.flow.kotlin.InitRunner.run(InitRunner.kt:25)
	at furhatos.flow.kotlin.StateRunner.runInitTrigger(StateRunner.kt:215)
	at furhatos.flow.kotlin.StateRunner.run(StateRunner.kt:64)
	at furhatos.flow.kotlin.Flow.tailRecRun(Flow.kt:146)
	at furhatos.flow.kotlin.Flow.run(Flow.kt:110)
	at furhatos.app.fruitseller.FruitsellerSkill.start(main.kt:9)
	at furhatos.skills.Skill.initializeSkill(Skill.java:169)
	at furhatos.skills.Skill.lambda$startSkill$2(Skill.java:227)
	at java.lang.Thread.run(Thread.java:748)

