16:27:00 [Skill] INFO  Skill:139 - Connecting to Furhat server on 0.0.0.0:1932
16:27:00 [Skill] WARN  BrokerClient: 82 - Connection refused (Connection refused) (is the server running and reachable?)
16:27:00 [Skill] WARN  BrokerClient: 82 - Connection refused (Connection refused) (is the server running and reachable?)
16:27:00 [Skill] WARN  BrokerClient: 82 - Connection refused (Connection refused) (is the server running and reachable?)
16:27:00 [Skill] WARN  BrokerClient: 82 - Connection refused (Connection refused) (is the server running and reachable?)
16:27:00 [Skill] WARN  BrokerClient: 82 - Connection refused (Connection refused) (is the server running and reachable?)
16:27:00 [Skill] WARN  BrokerClient: 82 - Connection refused (Connection refused) (is the server running and reachable?)
16:27:00 [Skill] WARN  BrokerClient: 82 - Connection refused (Connection refused) (is the server running and reachable?)
16:27:01 [Skill] WARN  BrokerClient: 82 - Connection refused (Connection refused) (is the server running and reachable?)
16:27:01 [Skill] WARN  BrokerClient: 82 - Connection refused (Connection refused) (is the server running and reachable?)
16:27:01 [Skill] WARN  BrokerClient: 82 - Connection refused (Connection refused) (is the server running and reachable?)
16:27:01 [Skill] WARN  BrokerClient: 82 - Connection refused (Connection refused) (is the server running and reachable?)
16:27:01 [Skill] WARN  BrokerClient: 82 - Connection refused (Connection refused) (is the server running and reachable?)
16:27:01 [Skill] WARN  BrokerClient: 82 - Connection refused (Connection refused) (is the server running and reachable?)
16:27:01 [Skill] WARN  BrokerClient: 82 - Connection refused (Connection refused) (is the server running and reachable?)
16:27:01 [Skill] WARN  BrokerClient: 82 - Connection refused (Connection refused) (is the server running and reachable?)
16:27:01 [Skill] WARN  BrokerClient: 82 - Connection refused (Connection refused) (is the server running and reachable?)
16:27:01 [Skill] WARN  BrokerClient: 82 - Connection refused (Connection refused) (is the server running and reachable?)
16:27:02 [Skill] WARN  BrokerClient: 82 - Connection refused (Connection refused) (is the server running and reachable?)
16:27:02 [Skill] WARN  BrokerClient: 82 - Connection refused (Connection refused) (is the server running and reachable?)
16:27:02 [Skill] WARN  BrokerClient: 82 - Connection refused (Connection refused) (is the server running and reachable?)
16:27:02 [Skill] WARN  BrokerClient: 82 - Connection refused (Connection refused) (is the server running and reachable?)
16:27:02 [Skill] WARN  BrokerClient: 82 - Connection refused (Connection refused) (is the server running and reachable?)
16:27:02 [Skill] WARN  BrokerClient: 82 - Connection refused (Connection refused) (is the server running and reachable?)
16:27:02 [Skill] WARN  BrokerClient: 82 - Connection refused (Connection refused) (is the server running and reachable?)
16:27:02 [Skill] WARN  BrokerClient: 82 - Connection refused (Connection refused) (is the server running and reachable?)
16:27:02 [Skill] WARN  BrokerClient: 82 - Connection refused (Connection refused) (is the server running and reachable?)
16:27:02 [Skill] WARN  BrokerClient: 82 - Connection refused (Connection refused) (is the server running and reachable?)
16:27:03 [Skill] WARN  BrokerClient: 82 - Connection refused (Connection refused) (is the server running and reachable?)
16:27:03 [Skill] WARN  BrokerClient: 82 - Connection refused (Connection refused) (is the server running and reachable?)
16:27:03 [Skill] WARN  BrokerClient: 82 - Connection refused (Connection refused) (is the server running and reachable?)
16:27:03 [Skill] WARN  BrokerClient: 82 - Connection refused (Connection refused) (is the server running and reachable?)
16:27:03 [Skill] WARN  BrokerClient: 82 - Connection refused (Connection refused) (is the server running and reachable?)
16:27:03 [FruitsellerSkill] INFO  FruitsellerSkill:166 - Starting skill
16:27:04 [FruitsellerSkill] ERROR InitRunner: 28 - java.lang.NullPointerException
16:27:04 [ErrorLoggingThread] ERROR FruitsellerSkill:459 - java.lang.NullPointerException
	at furhatos.skills.FurhatSpeech.getVoices(FurhatSpeech.java:294)
	at furhatos.skills.FurhatEventWrapper.getVoices(FurhatEventWrapper.java:31)
	at furhatos.skills.FurhatSpeech.getVoice(FurhatSpeech.java:303)
	at furhatos.skills.FurhatEventWrapper.getVoice(FurhatEventWrapper.java:31)
	at furhatos.skills.FurhatSpeech.setVoiceAndInputLanguage(FurhatSpeech.java:283)
	at furhatos.skills.FurhatEventWrapper.setVoiceAndInputLanguage(FurhatEventWrapper.java:31)
	at furhatos.flow.kotlin.Furhat.setVoice(Furhat.kt:690)
	at furhatos.flow.kotlin.Furhat.internalSetVoice(Furhat.kt:711)
	at furhatos.flow.kotlin.Furhat.setVoice(Furhat.kt:746)
	at furhatos.app.fruitseller.flow.UsertestKt$IdleTest$1$1.invoke(usertest.kt:21)
	at furhatos.app.fruitseller.flow.UsertestKt$IdleTest$1$1.invoke(usertest.kt)
	at furhatos.flow.kotlin.InitRunner.run(InitRunner.kt:25)
	at furhatos.flow.kotlin.StateRunner.runInitTrigger(StateRunner.kt:215)
	at furhatos.flow.kotlin.StateRunner.run(StateRunner.kt:64)
	at furhatos.flow.kotlin.Flow.tailRecRun(Flow.kt:146)
	at furhatos.flow.kotlin.Flow.run(Flow.kt:110)
	at furhatos.app.fruitseller.FruitsellerSkill.start(main.kt:12)
	at furhatos.skills.Skill.initializeSkill(Skill.java:169)
	at furhatos.skills.Skill.lambda$startSkill$2(Skill.java:227)
	at java.lang.Thread.run(Thread.java:748)

16:27:53 [EventSystem] INFO  FruitsellerSkill:184 - Terminating skill
