09:36:03 [Skill] INFO  Skill:139 - Connecting to Furhat server on 0.0.0.0:1932
09:36:08 [FruitsellerSkill] INFO  FruitsellerSkill:166 - Starting skill
09:36:20 [FruitsellerSkill] ERROR StateRunner:186 - java.util.concurrent.ExecutionException: furhatos.nlu.InterpreterException: No .exm file for GamePlay in language en-GB found
09:36:20 [ErrorLoggingThread] ERROR FruitsellerSkill:459 - java.util.concurrent.ExecutionException: furhatos.nlu.InterpreterException: No .exm file for GamePlay in language en-GB found
	at java.util.concurrent.FutureTask.report(FutureTask.java:122)
	at java.util.concurrent.FutureTask.get(FutureTask.java:206)
	at furhatos.flow.kotlin.IntentClassifierBuilder.getIntentClassifier(IntentClassifierBuilder.kt:69)
	at furhatos.flow.kotlin.Furhat.setSpeechRecPhrasesFromIntents(Furhat.kt:675)
	at furhatos.flow.kotlin.ImplementationsKt$Listen$1$1.invoke(implementations.kt:43)
	at furhatos.flow.kotlin.ImplementationsKt$Listen$1$1.invoke(implementations.kt)
	at furhatos.flow.kotlin.StateRunner.runEntryTrigger(StateRunner.kt:180)
	at furhatos.flow.kotlin.StateRunner.run(StateRunner.kt:65)
	at furhatos.flow.kotlin.FlowControlRunner.tailRecRunCall(FlowControlRunner.kt:89)
	at furhatos.flow.kotlin.FlowControlRunner.call(FlowControlRunner.kt:61)
	at furhatos.flow.kotlin.FlowControlRunner.call$default(FlowControlRunner.kt:55)
	at furhatos.flow.kotlin.ImplementationsKt$Ask$1$1.invoke(implementations.kt:220)
	at furhatos.flow.kotlin.ImplementationsKt$Ask$1$1.invoke(implementations.kt)
	at furhatos.flow.kotlin.StateRunner.runEntryTrigger(StateRunner.kt:180)
	at furhatos.flow.kotlin.StateRunner.run(StateRunner.kt:65)
	at furhatos.flow.kotlin.FlowControlRunner.tailRecRunCall(FlowControlRunner.kt:89)
	at furhatos.flow.kotlin.FlowControlRunner.call(FlowControlRunner.kt:61)
	at furhatos.flow.kotlin.FlowControlRunner.call$default(FlowControlRunner.kt:55)
	at furhatos.flow.kotlin.Furhat.ask(Furhat.kt:493)
	at furhatos.flow.kotlin.Furhat.ask$default(Furhat.kt:486)
	at furhatos.flow.kotlin.Furhat.ask(Furhat.kt:467)
	at furhatos.flow.kotlin.Furhat.ask$default(Furhat.kt:465)
	at furhatos.app.fruitseller.flow.InteractionKt$Start$1$1.invoke(interaction.kt:13)
	at furhatos.app.fruitseller.flow.InteractionKt$Start$1$1.invoke(interaction.kt)
	at furhatos.flow.kotlin.StateRunner.runEntryTrigger(StateRunner.kt:180)
	at furhatos.flow.kotlin.StateRunner.run(StateRunner.kt:65)
	at furhatos.flow.kotlin.Flow.tailRecRun(Flow.kt:146)
	at furhatos.flow.kotlin.Flow.run(Flow.kt:110)
	at furhatos.app.fruitseller.FruitsellerSkill.start(main.kt:9)
	at furhatos.skills.Skill.initializeSkill(Skill.java:169)
	at furhatos.skills.Skill.lambda$startSkill$2(Skill.java:227)
	at java.lang.Thread.run(Thread.java:748)
Caused by: furhatos.nlu.InterpreterException: No .exm file for GamePlay in language en-GB found
	at furhatos.nlu.NLUUtils.readLangResource(NLUUtils.kt:27)
	at furhatos.nlu.IntentCandidate.readExamplesFromResource(IntentCandidate.java:104)
	at furhatos.nlu.Intent.getExamples(Intent.kt:24)
	at furhatos.nlu.IntentCandidate.getExamplesWithParaphrases(IntentCandidate.java:81)
	at furhatos.nlu.IdfMultiIntentClassifier.<init>(IdfMultiIntentClassifier.kt:39)
	at furhatos.nlu.IdfMultiIntentClassifier.<init>(IdfMultiIntentClassifier.kt:17)
	at furhatos.nlu.IdfMultiIntentClassifier$Factory.getClassifier(IdfMultiIntentClassifier.kt:288)
	at furhatos.flow.kotlin.IntentClassifierBuilder$init$1$task$1.call(IntentClassifierBuilder.kt:55)
	at furhatos.flow.kotlin.IntentClassifierBuilder$init$1$task$1.call(IntentClassifierBuilder.kt:15)
	at java.util.concurrent.FutureTask.run(FutureTask.java:266)
	at java.util.concurrent.ThreadPoolExecutor.runWorker(ThreadPoolExecutor.java:1149)
	at java.util.concurrent.ThreadPoolExecutor$Worker.run(ThreadPoolExecutor.java:624)
	... 1 more
furhatos.nlu.InterpreterException: No .exm file for GamePlay in language en-GB found
	at furhatos.nlu.NLUUtils.readLangResource(NLUUtils.kt:27)
	at furhatos.nlu.IntentCandidate.readExamplesFromResource(IntentCandidate.java:104)
	at furhatos.nlu.Intent.getExamples(Intent.kt:24)
	at furhatos.nlu.IntentCandidate.getExamplesWithParaphrases(IntentCandidate.java:81)
	at furhatos.nlu.IdfMultiIntentClassifier.<init>(IdfMultiIntentClassifier.kt:39)
	at furhatos.nlu.IdfMultiIntentClassifier.<init>(IdfMultiIntentClassifier.kt:17)
	at furhatos.nlu.IdfMultiIntentClassifier$Factory.getClassifier(IdfMultiIntentClassifier.kt:288)
	at furhatos.flow.kotlin.IntentClassifierBuilder$init$1$task$1.call(IntentClassifierBuilder.kt:55)
	at furhatos.flow.kotlin.IntentClassifierBuilder$init$1$task$1.call(IntentClassifierBuilder.kt:15)
	at java.util.concurrent.FutureTask.run(FutureTask.java:266)
	at java.util.concurrent.ThreadPoolExecutor.runWorker(ThreadPoolExecutor.java:1149)
	at java.util.concurrent.ThreadPoolExecutor$Worker.run(ThreadPoolExecutor.java:624)
	at java.lang.Thread.run(Thread.java:748)

